Задача А
==========
05:00 — сдал задачу

Задача B
==========
04:00 — сдал задачу

Задача C
==========
04:00 — въезжал в условие
10:00 — сдал задачу

Задача D
==========
13:00 — въезжал в условие, начал придумывать решение
31:00 — придумал часть решения, приступил к коду
34:00 — написал неправильное решение
48:00 — отправил задачу, TLE
1:25:00 — поправил решение, считает быстро, но неправильно на некоторых тестах
1:26:00 — исправил ошибку, не проходят 4 теста
1:55:00 — смотрю разбор
2:03:00 — посмотрел разбор, вернул почти то же решение, что было изначально, TLE
2:25:00 — сделал через факторизацию GCD, ошибка в одном sample тесте
2:35:00 — поправил код, отправил задачу, TLE, смотрю готовый код
2:50:00 — с помощью готового кода сдал задачу

Задача E
==========
12:00 — читал условие, думал над решением, что-то придумал начать писать код
26:00 — написал код, есть ошибка, дебажу
29:00 — исправил ошибку, отправил задачу, не проходят некоторые тесты
48:00 — отправил еще одну попытку (поменял int на long long для суммы), не прошли те же тесты
1:10:00 — вообще не понимаю, что я упустил, смотрю разбор
1:15:00 — концептуально неправильное решение, пытаюсь понять на каких кейсах валится моё решение
1:32:00 — посмотрел разбор, начал писать другое решение
1:45:00 — написал код, неправильная реализация
2:06:00 — смотрю готовый код, разбираюсь
2:39:00 — с помощью готового решения дописал своё

Задача F
==========
11:00 — вник в условие и теорию, смотрю разбор
32:00 — вспоминал теорию BFS, начал писать код
1:42:00 — читал решения в комментах, писал код, пока что неуспешно
1:43:00 — смотрю готовый код, чтобы понять решение
1:59:00 — ознакомился с несколькими реализациями, начал писать заново свой код
2:37:00 — отправил задачу, не прошло на двух кейсах
2:51:00 — пофиксил код, не прошло те же кейсы
3:03:00 — поправил код, не прошло больше тестов
3:24:00 — ошибка была в том, что не запускал dfs изначально для каждой вершины. Пофиксил, сдал задачу

