1278 A
==========
17:00 — придумал решение, ошибки в реализации
21:00 — сдал задачу

1277 A
==========
10:00 — придумал решение, написал код, есть ошибка
23:00 — сдал задачу, ошибка была не в решении, запускал не тот бинарник

1266 B
==========
12:00 — придумал решение, не могу написать правильный код
13:00 — отправил задачу, не прошёл 2ой проверочный тест
16:00 — увидел edge case, сдал задачу

1277 B
==========
20:00 — придумал решение, написал, не проходит sample тест
40:00 — поправил решение, отправил задачу, TLE
44:00 — поправил решение, всё еще TLE
47:00 — сдал задачу

1265 A
==========
23:00 — написал, неверное решение
50:00 — посмотрел разбор, отправил задачу, неправильный ответ на первом тесте
54:00 — сдал задачу

1266 A
==========
8:00 — написал решение после того как посмотрел разбор

1288 B
==========
33:00 — не придумал решение (не вижу свойство), смотрю разбор
50:00 — понял разбор, пишу код
1:00:00 — сдал

1138 A
==========
25:00 — смотрю разбор
40:00 — сдал
