Задача А
==========
05:00 — сдал задачу

Задача B
==========
04:00 — сдал задачу

Задача C
==========
04:00 — въезжал в условие
10:00 — сдал задачу

Задача D
==========
13:00 — въезжал в условие, начал придумывать решение
31:00 — придумал часть решения, приступил к коду
34:00 — написал неправильное решение
48:00 — отправил задачу, TLE
1:25:00 — поправил решение, считает быстро, но неправильно на некоторых тестах
1:26:00 — исправил ошибку, не проходят 4 теста
1:55:00 — смотрю разбор
2:03:00 — посмотрел разбор, вернул почти то же решение, что было изначально, TLE
2:25:00 — сделал через факторизацию GCD, ошибка в одном sample тесте
2:35:00 — поправил код, отправил задачу, TLE, смотрю готовый код
2:50:00 — с помощью готового кода сдал задачу

Задача C
==========
12:00 — читал условие, думал над решением, что-то придумал начать писать код
26:00 — написал код, есть ошибка, дебажу
29:00 — исправил ошибку, отправил задачу, не проходят некоторые тесты
48:00 — отправил еще одну попытку (поменял int на long long для суммы), не прошли те же тесты
1:10:00 — вообще не понимаю, что я упустил, смотрю разбор
1:15:00 — концептуально неправильное решение, пытаюсь понять на каких кейсах валится моё решение
1:32:00 — посмотрел разбор, начал писать другое решение
1:45:00 — написал код, неправильная реализация
2:06:00 — смотрю готовый код, разбираюсь
2:39:00 — с помощью готового решения дописал своё
