Задача A
==========
01:00 — сдал задачу

Задача B
==========
09:00 — сдал задачу

Задача C
==========
05:00 — придумал решение, начал писать код
23:00 — нужно искать все перестановки, воспользовался конспектом с лекции, не проходят sample тесты
37:00 — решил с помощью конспекта, упростил решение до оптимального

Задача D
==========
05:00 — придумал какое-то решение, начал писать код
14:00 — не проходят все sample тесты
27:00 — пробую придумать другое решение
1:20:00 — не могу увидеть какое-то очевидное свойство на которое опиралось бы решение
1:30:00 — нащупал часть решения
2:25:00 — придумал часть решения, пишу код
2:51:00 — смотрю разбор
3:21:00 — посмотрел разбор, думаю сам
3:30:00 — пишу код
3:50:00 — вернусь к этому позже
4:20:00 — сдал задачу

E
==========
30:00 — не могу придумать подход к решению, смотрю разбор
52:00 — смотрю разборы, пытаюсь понять решение
1:50:00 — смотрел разбор, писал код, пока всё мимо
2:40:00 — читал теорию, писал код, неправильное решение
4:40:00 — сдал задачу
