Задача C
18:00 — придумал решение, начал кодить
21:00 — накодил, проверяю
26:00 — решение не совсем правильное, для чисел > 789 не работает
40:00 — поправил код, все равно не работает
44:00 — применяю ДП
50:00 — начало работать быстро, но не совсем правильно
55:00 — ДП тут не нужно, решил нормально

Задача D
19:00 — придумал решение, начал кодить
34:00 — неправильное решение, начал сначала
59:00 — поменял решение, кардинально другой ответ на одном sample тесте, на остальных ОК
1:00:00 — не решил отдельно 2ой кейс, начал думать
1:10:00 — подобрал формулу, но неправильную
1:30:00 — поправил решение, проходит на 1 тест больше
1:39:00 — вспомнил решение, дополнил, приступил к коду
2:14:00 — формула проверки подходящего угла работает на одном кейсе, ищу для второго
2:35:00 — сдал задачу

Задача E
1:16:00 — вспоминал и дополнял решение, приступил к коду
1:56:00 — написал код, зацикливается бинарный поиск
2:30:00 — решил взять пары A и F и отсортировать по их произведению
2:38:00 — решение концептуально неправильное
3:00:00 — попробовал пофиксить решение через хак, не получилось
3:30:00 — посмотрел разборы, подправил решение, все равно что-то не так
4:05:00 — поправил решение, отправил задачу, большинство тестов не прошло
4:35:00 — добавил наивный хак, почти все тесты не прошли по времени
4:58:00 — посмотрел чужой код, пофиксил свой (ошибки в бин. поиске + int overflow), сдал задачу

Задача F
00:38:00 — вспомнил часть решения
1:10:00 — почитал разбор, понял часть решения, приступил к коду этой части
1:31:00 — написал неправильное решение, не проходит sample тесты
3:30:00 — смотрел код других участников + разборы, сдал задачу